{
  "stats": {
    "suites": 1,
    "tests": 8,
    "passes": 3,
    "pending": 0,
    "failures": 5,
    "start": "2025-05-29T17:04:28.604Z",
    "end": "2025-05-29T17:04:30.364Z",
    "duration": 1760,
    "testsRegistered": 8,
    "passPercent": 37.5,
    "pendingPercent": 0,
    "other": 0,
    "hasOther": false,
    "skipped": 0,
    "hasSkipped": false
  },
  "results": [
    {
      "uuid": "ae928747-b753-4953-9960-38056e9f1847",
      "title": "",
      "fullFile": "cypress\\integration\\backend\\backendTests.spec.js",
      "file": "cypress\\integration\\backend\\backendTests.spec.js",
      "beforeHooks": [],
      "afterHooks": [],
      "tests": [],
      "suites": [
        {
          "uuid": "a607583e-666d-479a-94fa-5d59eb156351",
          "title": "Backend API Tests for Employee and Admin Role",
          "fullFile": "",
          "file": "",
          "beforeHooks": [],
          "afterHooks": [],
          "tests": [
            {
              "title": "should register a new employee",
              "fullTitle": "Backend API Tests for Employee and Admin Role should register a new employee",
              "timedOut": null,
              "duration": 258,
              "state": "passed",
              "speed": "fast",
              "pass": true,
              "fail": false,
              "pending": false,
              "context": null,
              "code": "cy.request(\"POST\", `${apiUrl}/auth/register`, {\n  username: employeeUsername,\n  // Use the dynamically generated username\n  password: employeePassword\n}).then(response => {\n  expect(response.status).to.eq(201);\n  expect(response.body).to.have.property(\"message\", \"User registered successfully\");\n});",
              "err": {},
              "uuid": "6a16c6aa-9d0b-4ecb-a2fa-8381abfe0d9c",
              "parentUUID": "a607583e-666d-479a-94fa-5d59eb156351",
              "isHook": false,
              "skipped": false
            },
            {
              "title": "should login the employee with valid credentials",
              "fullTitle": "Backend API Tests for Employee and Admin Role should login the employee with valid credentials",
              "timedOut": null,
              "duration": 143,
              "state": "passed",
              "speed": "fast",
              "pass": true,
              "fail": false,
              "pending": false,
              "context": null,
              "code": "cy.request(\"POST\", `${apiUrl}/auth/login`, {\n  username: employeeUsername,\n  // Use the same username as registration\n  password: employeePassword // Use the same password as registration\n}).then(response => {\n  expect(response.status).to.eq(200);\n  expect(response.body).to.have.property(\"token\");\n  Cypress.env(\"employeeAuthToken\", response.body.token); // Store token in Cypress environment variable\n});",
              "err": {},
              "uuid": "8344cdb3-99b5-483a-a07c-bf1841b63583",
              "parentUUID": "a607583e-666d-479a-94fa-5d59eb156351",
              "isHook": false,
              "skipped": false
            },
            {
              "title": "should submit resignation for an employee",
              "fullTitle": "Backend API Tests for Employee and Admin Role should submit resignation for an employee",
              "timedOut": null,
              "duration": 240,
              "state": "failed",
              "speed": null,
              "pass": false,
              "fail": true,
              "pending": false,
              "context": null,
              "code": "const token = Cypress.env(\"employeeAuthToken\"); // Retrieve token from Cypress environment variable\ncy.request({\n  method: \"POST\",\n  url: `${apiUrl}/user/resign`,\n  headers: {\n    Authorization: `${token}`\n  },\n  body: {\n    lwd: \"2024-12-26\"\n  }\n}).then(response => {\n  expect(response.status).to.eq(200);\n  employeeResignationId = response.body.data.resignation._id; // Store resignation ID for approval\n});",
              "err": {
                "message": "CypressError: `cy.request()` failed on:\n\nhttp://localhost:8080/api/user/resign\n\nThe response we received from your web server was:\n\n  > 401: Unauthorized\n\nThis was considered a failure because the status code was not `2xx` or `3xx`.\n\nIf you do not want status codes to cause failures pass the option: `failOnStatusCode: false`\n\n-----------------------------------------------------------\n\nThe request we sent was:\n\nMethod: POST\nURL: http://localhost:8080/api/user/resign\nHeaders: {\n  \"Connection\": \"keep-alive\",\n  \"Authorization\": \"eyJhbGciOiJIUzI1NiIsInR5cCI6IkpXVCJ9.eyJ1c2VybmFtZSI6ImVtcF8xNzQ4NTM4MjY4NTc0IiwiaWF0IjoxNzQ4NTM4MjY5LCJleHAiOjE3NDg2MjQ2Njl9.L2bvib_FLuh1Br2poxL_B8AIsKGZI6oczWYmJ6mOFX4\",\n  \"user-agent\": \"Mozilla/5.0 (Windows NT 10.0; Win64; x64) AppleWebKit/537.36 (KHTML, like Gecko) Cypress/13.17.0 Chrome/118.0.5993.159 Electron/27.3.10 Safari/537.36\",\n  \"accept\": \"*/*\",\n  \"accept-encoding\": \"gzip, deflate\",\n  \"content-type\": \"application/json\",\n  \"content-length\": 20\n}\nBody: {\"lwd\":\"2024-12-26\"}\n\n-----------------------------------------------------------\n\nThe response we got was:\n\nStatus: 401 - Unauthorized\nHeaders: {\n  \"x-powered-by\": \"Express\",\n  \"access-control-allow-origin\": \"*\",\n  \"content-type\": \"application/json; charset=utf-8\",\n  \"content-length\": \"47\",\n  \"etag\": \"W/\\\"2f-KfxIB6ed9OIZZ+r3O2M9sO47KIo\\\"\",\n  \"date\": \"Thu, 29 May 2025 17:04:29 GMT\",\n  \"connection\": \"keep-alive\",\n  \"keep-alive\": \"timeout=5\"\n}\nBody: {\n  \"message\": \"Unauthorized Access.invalid token\"\n}\n\n\nhttps://on.cypress.io/request",
                "estack": "CypressError: `cy.request()` failed on:\n\nhttp://localhost:8080/api/user/resign\n\nThe response we received from your web server was:\n\n  > 401: Unauthorized\n\nThis was considered a failure because the status code was not `2xx` or `3xx`.\n\nIf you do not want status codes to cause failures pass the option: `failOnStatusCode: false`\n\n-----------------------------------------------------------\n\nThe request we sent was:\n\nMethod: POST\nURL: http://localhost:8080/api/user/resign\nHeaders: {\n  \"Connection\": \"keep-alive\",\n  \"Authorization\": \"eyJhbGciOiJIUzI1NiIsInR5cCI6IkpXVCJ9.eyJ1c2VybmFtZSI6ImVtcF8xNzQ4NTM4MjY4NTc0IiwiaWF0IjoxNzQ4NTM4MjY5LCJleHAiOjE3NDg2MjQ2Njl9.L2bvib_FLuh1Br2poxL_B8AIsKGZI6oczWYmJ6mOFX4\",\n  \"user-agent\": \"Mozilla/5.0 (Windows NT 10.0; Win64; x64) AppleWebKit/537.36 (KHTML, like Gecko) Cypress/13.17.0 Chrome/118.0.5993.159 Electron/27.3.10 Safari/537.36\",\n  \"accept\": \"*/*\",\n  \"accept-encoding\": \"gzip, deflate\",\n  \"content-type\": \"application/json\",\n  \"content-length\": 20\n}\nBody: {\"lwd\":\"2024-12-26\"}\n\n-----------------------------------------------------------\n\nThe response we got was:\n\nStatus: 401 - Unauthorized\nHeaders: {\n  \"x-powered-by\": \"Express\",\n  \"access-control-allow-origin\": \"*\",\n  \"content-type\": \"application/json; charset=utf-8\",\n  \"content-length\": \"47\",\n  \"etag\": \"W/\\\"2f-KfxIB6ed9OIZZ+r3O2M9sO47KIo\\\"\",\n  \"date\": \"Thu, 29 May 2025 17:04:29 GMT\",\n  \"connection\": \"keep-alive\",\n  \"keep-alive\": \"timeout=5\"\n}\nBody: {\n  \"message\": \"Unauthorized Access.invalid token\"\n}\n\n\nhttps://on.cypress.io/request\n    at <unknown> (http://localhost:8080/__cypress/runner/cypress_runner.js:132876:72)\n    at tryCatcher (http://localhost:8080/__cypress/runner/cypress_runner.js:1830:23)\n    at Promise._settlePromiseFromHandler (http://localhost:8080/__cypress/runner/cypress_runner.js:1542:31)\n    at Promise._settlePromise (http://localhost:8080/__cypress/runner/cypress_runner.js:1599:18)\n    at Promise._settlePromise0 (http://localhost:8080/__cypress/runner/cypress_runner.js:1644:10)\n    at Promise._settlePromises (http://localhost:8080/__cypress/runner/cypress_runner.js:1724:18)\n    at _drainQueueStep (http://localhost:8080/__cypress/runner/cypress_runner.js:2430:12)\n    at _drainQueue (http://localhost:8080/__cypress/runner/cypress_runner.js:2423:9)\n    at Async._drainQueues (http://localhost:8080/__cypress/runner/cypress_runner.js:2439:5)\n    at Async.drainQueues (http://localhost:8080/__cypress/runner/cypress_runner.js:2309:14)\nFrom Your Spec Code:\n    at Context.eval (webpack://exitease/./cypress/integration/backend/backendTests.spec.js:34:7)",
                "diff": null
              },
              "uuid": "9628fcee-f25a-4281-b4a0-99df6a2a7145",
              "parentUUID": "a607583e-666d-479a-94fa-5d59eb156351",
              "isHook": false,
              "skipped": false
            },
            {
              "title": "should login as admin (HR)",
              "fullTitle": "Backend API Tests for Employee and Admin Role should login as admin (HR)",
              "timedOut": null,
              "duration": 141,
              "state": "passed",
              "speed": "fast",
              "pass": true,
              "fail": false,
              "pending": false,
              "context": null,
              "code": "cy.request(\"POST\", `${apiUrl}/auth/login`, {\n  username: \"admin\",\n  password: \"admin\"\n}).then(response => {\n  expect(response.status).to.eq(200);\n  expect(response.body).to.have.property(\"token\");\n  Cypress.env(\"adminAuthToken\", response.body.token); // Store admin token in Cypress environment variable\n});",
              "err": {},
              "uuid": "3ce02d2d-3549-4ae4-ac83-b65e0381a6fb",
              "parentUUID": "a607583e-666d-479a-94fa-5d59eb156351",
              "isHook": false,
              "skipped": false
            },
            {
              "title": "should view all resignations submitted by employees as admin",
              "fullTitle": "Backend API Tests for Employee and Admin Role should view all resignations submitted by employees as admin",
              "timedOut": null,
              "duration": 147,
              "state": "failed",
              "speed": null,
              "pass": false,
              "fail": true,
              "pending": false,
              "context": null,
              "code": "const token = Cypress.env(\"adminAuthToken\"); // Retrieve admin token from Cypress environment variable\ncy.request({\n  method: \"GET\",\n  url: `${apiUrl}/admin/resignations`,\n  headers: {\n    Authorization: `${token}`\n  }\n}).then(response => {\n  expect(response.status).to.eq(200);\n  expect(response.body.data).to.be.an(\"array\");\n});",
              "err": {
                "message": "CypressError: `cy.request()` failed on:\n\nhttp://localhost:8080/api/admin/resignations\n\nThe response we received from your web server was:\n\n  > 404: Not Found\n\nThis was considered a failure because the status code was not `2xx` or `3xx`.\n\nIf you do not want status codes to cause failures pass the option: `failOnStatusCode: false`\n\n-----------------------------------------------------------\n\nThe request we sent was:\n\nMethod: GET\nURL: http://localhost:8080/api/admin/resignations\nHeaders: {\n  \"Connection\": \"keep-alive\",\n  \"Authorization\": \"eyJhbGciOiJIUzI1NiIsInR5cCI6IkpXVCJ9.eyJ1c2VybmFtZSI6ImFkbWluIiwiaWF0IjoxNzQ4NTM4MjY5LCJleHAiOjE3NDg2MjQ2Njl9.XI2HSzh8WwllmPE1FFcJACA0N26BKPw5Fi4QpjRYN0k\",\n  \"user-agent\": \"Mozilla/5.0 (Windows NT 10.0; Win64; x64) AppleWebKit/537.36 (KHTML, like Gecko) Cypress/13.17.0 Chrome/118.0.5993.159 Electron/27.3.10 Safari/537.36\",\n  \"accept\": \"*/*\",\n  \"accept-encoding\": \"gzip, deflate\"\n}\n\n-----------------------------------------------------------\n\nThe response we got was:\n\nStatus: 404 - Not Found\nHeaders: {\n  \"x-powered-by\": \"Express\",\n  \"access-control-allow-origin\": \"*\",\n  \"content-security-policy\": \"default-src 'none'\",\n  \"x-content-type-options\": \"nosniff\",\n  \"content-type\": \"text/html; charset=utf-8\",\n  \"content-length\": \"161\",\n  \"date\": \"Thu, 29 May 2025 17:04:29 GMT\",\n  \"connection\": \"keep-alive\",\n  \"keep-alive\": \"timeout=5\"\n}\nBody: <!DOCTYPE html>\n<html lang=\"en\">\n<head>\n<meta charset=\"utf-8\">\n<title>Error</title>\n</head>\n<body>\n<pre>Cannot GET /api/admin/resignations</pre>\n</body>\n</html>\n\nhttps://on.cypress.io/request",
                "estack": "CypressError: `cy.request()` failed on:\n\nhttp://localhost:8080/api/admin/resignations\n\nThe response we received from your web server was:\n\n  > 404: Not Found\n\nThis was considered a failure because the status code was not `2xx` or `3xx`.\n\nIf you do not want status codes to cause failures pass the option: `failOnStatusCode: false`\n\n-----------------------------------------------------------\n\nThe request we sent was:\n\nMethod: GET\nURL: http://localhost:8080/api/admin/resignations\nHeaders: {\n  \"Connection\": \"keep-alive\",\n  \"Authorization\": \"eyJhbGciOiJIUzI1NiIsInR5cCI6IkpXVCJ9.eyJ1c2VybmFtZSI6ImFkbWluIiwiaWF0IjoxNzQ4NTM4MjY5LCJleHAiOjE3NDg2MjQ2Njl9.XI2HSzh8WwllmPE1FFcJACA0N26BKPw5Fi4QpjRYN0k\",\n  \"user-agent\": \"Mozilla/5.0 (Windows NT 10.0; Win64; x64) AppleWebKit/537.36 (KHTML, like Gecko) Cypress/13.17.0 Chrome/118.0.5993.159 Electron/27.3.10 Safari/537.36\",\n  \"accept\": \"*/*\",\n  \"accept-encoding\": \"gzip, deflate\"\n}\n\n-----------------------------------------------------------\n\nThe response we got was:\n\nStatus: 404 - Not Found\nHeaders: {\n  \"x-powered-by\": \"Express\",\n  \"access-control-allow-origin\": \"*\",\n  \"content-security-policy\": \"default-src 'none'\",\n  \"x-content-type-options\": \"nosniff\",\n  \"content-type\": \"text/html; charset=utf-8\",\n  \"content-length\": \"161\",\n  \"date\": \"Thu, 29 May 2025 17:04:29 GMT\",\n  \"connection\": \"keep-alive\",\n  \"keep-alive\": \"timeout=5\"\n}\nBody: <!DOCTYPE html>\n<html lang=\"en\">\n<head>\n<meta charset=\"utf-8\">\n<title>Error</title>\n</head>\n<body>\n<pre>Cannot GET /api/admin/resignations</pre>\n</body>\n</html>\n\nhttps://on.cypress.io/request\n    at <unknown> (http://localhost:8080/__cypress/runner/cypress_runner.js:132876:72)\n    at tryCatcher (http://localhost:8080/__cypress/runner/cypress_runner.js:1830:23)\n    at Promise._settlePromiseFromHandler (http://localhost:8080/__cypress/runner/cypress_runner.js:1542:31)\n    at Promise._settlePromise (http://localhost:8080/__cypress/runner/cypress_runner.js:1599:18)\n    at Promise._settlePromise0 (http://localhost:8080/__cypress/runner/cypress_runner.js:1644:10)\n    at Promise._settlePromises (http://localhost:8080/__cypress/runner/cypress_runner.js:1724:18)\n    at _drainQueueStep (http://localhost:8080/__cypress/runner/cypress_runner.js:2430:12)\n    at _drainQueue (http://localhost:8080/__cypress/runner/cypress_runner.js:2423:9)\n    at Async._drainQueues (http://localhost:8080/__cypress/runner/cypress_runner.js:2439:5)\n    at Async.drainQueues (http://localhost:8080/__cypress/runner/cypress_runner.js:2309:14)\nFrom Your Spec Code:\n    at Context.eval (webpack://exitease/./cypress/integration/backend/backendTests.spec.js:63:7)",
                "diff": null
              },
              "uuid": "062a8965-5277-4e0b-979a-d31a69e219ed",
              "parentUUID": "a607583e-666d-479a-94fa-5d59eb156351",
              "isHook": false,
              "skipped": false
            },
            {
              "title": "should approve the employee’s resignation as admin",
              "fullTitle": "Backend API Tests for Employee and Admin Role should approve the employee’s resignation as admin",
              "timedOut": null,
              "duration": 187,
              "state": "failed",
              "speed": null,
              "pass": false,
              "fail": true,
              "pending": false,
              "context": null,
              "code": "const token = Cypress.env(\"adminAuthToken\"); // Retrieve admin token from Cypress environment variable\ncy.request({\n  method: \"PUT\",\n  url: `${apiUrl}/admin/conclude_resignation`,\n  headers: {\n    Authorization: `${token}`\n  },\n  body: {\n    resignationId: employeeResignationId,\n    approved: true,\n    lwd: \"26 Dec 2024\"\n  }\n}).then(response => {\n  expect(response.status).to.eq(200);\n});",
              "err": {
                "message": "CypressError: `cy.request()` failed on:\n\nhttp://localhost:8080/api/admin/conclude_resignation\n\nThe response we received from your web server was:\n\n  > 404: Not Found\n\nThis was considered a failure because the status code was not `2xx` or `3xx`.\n\nIf you do not want status codes to cause failures pass the option: `failOnStatusCode: false`\n\n-----------------------------------------------------------\n\nThe request we sent was:\n\nMethod: PUT\nURL: http://localhost:8080/api/admin/conclude_resignation\nHeaders: {\n  \"Connection\": \"keep-alive\",\n  \"Authorization\": \"eyJhbGciOiJIUzI1NiIsInR5cCI6IkpXVCJ9.eyJ1c2VybmFtZSI6ImFkbWluIiwiaWF0IjoxNzQ4NTM4MjY5LCJleHAiOjE3NDg2MjQ2Njl9.XI2HSzh8WwllmPE1FFcJACA0N26BKPw5Fi4QpjRYN0k\",\n  \"user-agent\": \"Mozilla/5.0 (Windows NT 10.0; Win64; x64) AppleWebKit/537.36 (KHTML, like Gecko) Cypress/13.17.0 Chrome/118.0.5993.159 Electron/27.3.10 Safari/537.36\",\n  \"accept\": \"*/*\",\n  \"accept-encoding\": \"gzip, deflate\",\n  \"content-type\": \"application/json\",\n  \"content-length\": 58\n}\nBody: {\"resignationId\":null,\"approved\":true,\"lwd\":\"26 Dec 2024\"}\n\n-----------------------------------------------------------\n\nThe response we got was:\n\nStatus: 404 - Not Found\nHeaders: {\n  \"x-powered-by\": \"Express\",\n  \"access-control-allow-origin\": \"*\",\n  \"content-security-policy\": \"default-src 'none'\",\n  \"x-content-type-options\": \"nosniff\",\n  \"content-type\": \"text/html; charset=utf-8\",\n  \"content-length\": \"169\",\n  \"date\": \"Thu, 29 May 2025 17:04:29 GMT\",\n  \"connection\": \"keep-alive\",\n  \"keep-alive\": \"timeout=5\"\n}\nBody: <!DOCTYPE html>\n<html lang=\"en\">\n<head>\n<meta charset=\"utf-8\">\n<title>Error</title>\n</head>\n<body>\n<pre>Cannot PUT /api/admin/conclude_resignation</pre>\n</body>\n</html>\n\nhttps://on.cypress.io/request",
                "estack": "CypressError: `cy.request()` failed on:\n\nhttp://localhost:8080/api/admin/conclude_resignation\n\nThe response we received from your web server was:\n\n  > 404: Not Found\n\nThis was considered a failure because the status code was not `2xx` or `3xx`.\n\nIf you do not want status codes to cause failures pass the option: `failOnStatusCode: false`\n\n-----------------------------------------------------------\n\nThe request we sent was:\n\nMethod: PUT\nURL: http://localhost:8080/api/admin/conclude_resignation\nHeaders: {\n  \"Connection\": \"keep-alive\",\n  \"Authorization\": \"eyJhbGciOiJIUzI1NiIsInR5cCI6IkpXVCJ9.eyJ1c2VybmFtZSI6ImFkbWluIiwiaWF0IjoxNzQ4NTM4MjY5LCJleHAiOjE3NDg2MjQ2Njl9.XI2HSzh8WwllmPE1FFcJACA0N26BKPw5Fi4QpjRYN0k\",\n  \"user-agent\": \"Mozilla/5.0 (Windows NT 10.0; Win64; x64) AppleWebKit/537.36 (KHTML, like Gecko) Cypress/13.17.0 Chrome/118.0.5993.159 Electron/27.3.10 Safari/537.36\",\n  \"accept\": \"*/*\",\n  \"accept-encoding\": \"gzip, deflate\",\n  \"content-type\": \"application/json\",\n  \"content-length\": 58\n}\nBody: {\"resignationId\":null,\"approved\":true,\"lwd\":\"26 Dec 2024\"}\n\n-----------------------------------------------------------\n\nThe response we got was:\n\nStatus: 404 - Not Found\nHeaders: {\n  \"x-powered-by\": \"Express\",\n  \"access-control-allow-origin\": \"*\",\n  \"content-security-policy\": \"default-src 'none'\",\n  \"x-content-type-options\": \"nosniff\",\n  \"content-type\": \"text/html; charset=utf-8\",\n  \"content-length\": \"169\",\n  \"date\": \"Thu, 29 May 2025 17:04:29 GMT\",\n  \"connection\": \"keep-alive\",\n  \"keep-alive\": \"timeout=5\"\n}\nBody: <!DOCTYPE html>\n<html lang=\"en\">\n<head>\n<meta charset=\"utf-8\">\n<title>Error</title>\n</head>\n<body>\n<pre>Cannot PUT /api/admin/conclude_resignation</pre>\n</body>\n</html>\n\nhttps://on.cypress.io/request\n    at <unknown> (http://localhost:8080/__cypress/runner/cypress_runner.js:132876:72)\n    at tryCatcher (http://localhost:8080/__cypress/runner/cypress_runner.js:1830:23)\n    at Promise._settlePromiseFromHandler (http://localhost:8080/__cypress/runner/cypress_runner.js:1542:31)\n    at Promise._settlePromise (http://localhost:8080/__cypress/runner/cypress_runner.js:1599:18)\n    at Promise._settlePromise0 (http://localhost:8080/__cypress/runner/cypress_runner.js:1644:10)\n    at Promise._settlePromises (http://localhost:8080/__cypress/runner/cypress_runner.js:1724:18)\n    at _drainQueueStep (http://localhost:8080/__cypress/runner/cypress_runner.js:2430:12)\n    at _drainQueue (http://localhost:8080/__cypress/runner/cypress_runner.js:2423:9)\n    at Async._drainQueues (http://localhost:8080/__cypress/runner/cypress_runner.js:2439:5)\n    at Async.drainQueues (http://localhost:8080/__cypress/runner/cypress_runner.js:2309:14)\nFrom Your Spec Code:\n    at Context.eval (webpack://exitease/./cypress/integration/backend/backendTests.spec.js:77:7)",
                "diff": null
              },
              "uuid": "5710f375-3d7b-492a-aa40-5a4e16cb49b0",
              "parentUUID": "a607583e-666d-479a-94fa-5d59eb156351",
              "isHook": false,
              "skipped": false
            },
            {
              "title": "should allow the employee to submit responses to exit questionnaire",
              "fullTitle": "Backend API Tests for Employee and Admin Role should allow the employee to submit responses to exit questionnaire",
              "timedOut": null,
              "duration": 192,
              "state": "failed",
              "speed": null,
              "pass": false,
              "fail": true,
              "pending": false,
              "context": null,
              "code": "const token = Cypress.env(\"employeeAuthToken\"); // Retrieve employee token from Cypress environment variable\ncy.request({\n  method: \"POST\",\n  url: `${apiUrl}/user/responses`,\n  headers: {\n    Authorization: `${token}`\n  },\n  body: {\n    responses: [{\n      questionText: \"What prompted you to start looking for another job?\",\n      response: \"Lack of career growth opportunities\"\n    }, {\n      questionText: \"Would you recommend this company to others?\",\n      response: \"Yes, with some reservations\"\n    }]\n  }\n}).then(response => {\n  expect(response.status).to.eq(200);\n});",
              "err": {
                "message": "CypressError: `cy.request()` failed on:\n\nhttp://localhost:8080/api/user/responses\n\nThe response we received from your web server was:\n\n  > 404: Not Found\n\nThis was considered a failure because the status code was not `2xx` or `3xx`.\n\nIf you do not want status codes to cause failures pass the option: `failOnStatusCode: false`\n\n-----------------------------------------------------------\n\nThe request we sent was:\n\nMethod: POST\nURL: http://localhost:8080/api/user/responses\nHeaders: {\n  \"Connection\": \"keep-alive\",\n  \"Authorization\": \"eyJhbGciOiJIUzI1NiIsInR5cCI6IkpXVCJ9.eyJ1c2VybmFtZSI6ImVtcF8xNzQ4NTM4MjY4NTc0IiwiaWF0IjoxNzQ4NTM4MjY5LCJleHAiOjE3NDg2MjQ2Njl9.L2bvib_FLuh1Br2poxL_B8AIsKGZI6oczWYmJ6mOFX4\",\n  \"user-agent\": \"Mozilla/5.0 (Windows NT 10.0; Win64; x64) AppleWebKit/537.36 (KHTML, like Gecko) Cypress/13.17.0 Chrome/118.0.5993.159 Electron/27.3.10 Safari/537.36\",\n  \"accept\": \"*/*\",\n  \"accept-encoding\": \"gzip, deflate\",\n  \"content-type\": \"application/json\",\n  \"content-length\": 239\n}\nBody: {\"responses\":[{\"questionText\":\"What prompted you to start looking for another job?\",\"response\":\"Lack of career growth opportunities\"},{\"questionText\":\"Would you recommend this company to others?\",\"response\":\"Yes, with some reservations\"}]}\n\n-----------------------------------------------------------\n\nThe response we got was:\n\nStatus: 404 - Not Found\nHeaders: {\n  \"x-powered-by\": \"Express\",\n  \"access-control-allow-origin\": \"*\",\n  \"content-security-policy\": \"default-src 'none'\",\n  \"x-content-type-options\": \"nosniff\",\n  \"content-type\": \"text/html; charset=utf-8\",\n  \"content-length\": \"158\",\n  \"date\": \"Thu, 29 May 2025 17:04:29 GMT\",\n  \"connection\": \"keep-alive\",\n  \"keep-alive\": \"timeout=5\"\n}\nBody: <!DOCTYPE html>\n<html lang=\"en\">\n<head>\n<meta charset=\"utf-8\">\n<title>Error</title>\n</head>\n<body>\n<pre>Cannot POST /api/user/responses</pre>\n</body>\n</html>\n\nhttps://on.cypress.io/request",
                "estack": "CypressError: `cy.request()` failed on:\n\nhttp://localhost:8080/api/user/responses\n\nThe response we received from your web server was:\n\n  > 404: Not Found\n\nThis was considered a failure because the status code was not `2xx` or `3xx`.\n\nIf you do not want status codes to cause failures pass the option: `failOnStatusCode: false`\n\n-----------------------------------------------------------\n\nThe request we sent was:\n\nMethod: POST\nURL: http://localhost:8080/api/user/responses\nHeaders: {\n  \"Connection\": \"keep-alive\",\n  \"Authorization\": \"eyJhbGciOiJIUzI1NiIsInR5cCI6IkpXVCJ9.eyJ1c2VybmFtZSI6ImVtcF8xNzQ4NTM4MjY4NTc0IiwiaWF0IjoxNzQ4NTM4MjY5LCJleHAiOjE3NDg2MjQ2Njl9.L2bvib_FLuh1Br2poxL_B8AIsKGZI6oczWYmJ6mOFX4\",\n  \"user-agent\": \"Mozilla/5.0 (Windows NT 10.0; Win64; x64) AppleWebKit/537.36 (KHTML, like Gecko) Cypress/13.17.0 Chrome/118.0.5993.159 Electron/27.3.10 Safari/537.36\",\n  \"accept\": \"*/*\",\n  \"accept-encoding\": \"gzip, deflate\",\n  \"content-type\": \"application/json\",\n  \"content-length\": 239\n}\nBody: {\"responses\":[{\"questionText\":\"What prompted you to start looking for another job?\",\"response\":\"Lack of career growth opportunities\"},{\"questionText\":\"Would you recommend this company to others?\",\"response\":\"Yes, with some reservations\"}]}\n\n-----------------------------------------------------------\n\nThe response we got was:\n\nStatus: 404 - Not Found\nHeaders: {\n  \"x-powered-by\": \"Express\",\n  \"access-control-allow-origin\": \"*\",\n  \"content-security-policy\": \"default-src 'none'\",\n  \"x-content-type-options\": \"nosniff\",\n  \"content-type\": \"text/html; charset=utf-8\",\n  \"content-length\": \"158\",\n  \"date\": \"Thu, 29 May 2025 17:04:29 GMT\",\n  \"connection\": \"keep-alive\",\n  \"keep-alive\": \"timeout=5\"\n}\nBody: <!DOCTYPE html>\n<html lang=\"en\">\n<head>\n<meta charset=\"utf-8\">\n<title>Error</title>\n</head>\n<body>\n<pre>Cannot POST /api/user/responses</pre>\n</body>\n</html>\n\nhttps://on.cypress.io/request\n    at <unknown> (http://localhost:8080/__cypress/runner/cypress_runner.js:132876:72)\n    at tryCatcher (http://localhost:8080/__cypress/runner/cypress_runner.js:1830:23)\n    at Promise._settlePromiseFromHandler (http://localhost:8080/__cypress/runner/cypress_runner.js:1542:31)\n    at Promise._settlePromise (http://localhost:8080/__cypress/runner/cypress_runner.js:1599:18)\n    at Promise._settlePromise0 (http://localhost:8080/__cypress/runner/cypress_runner.js:1644:10)\n    at Promise._settlePromises (http://localhost:8080/__cypress/runner/cypress_runner.js:1724:18)\n    at _drainQueueStep (http://localhost:8080/__cypress/runner/cypress_runner.js:2430:12)\n    at _drainQueue (http://localhost:8080/__cypress/runner/cypress_runner.js:2423:9)\n    at Async._drainQueues (http://localhost:8080/__cypress/runner/cypress_runner.js:2439:5)\n    at Async.drainQueues (http://localhost:8080/__cypress/runner/cypress_runner.js:2309:14)\nFrom Your Spec Code:\n    at Context.eval (webpack://exitease/./cypress/integration/backend/backendTests.spec.js:96:7)",
                "diff": null
              },
              "uuid": "ae3e1435-8e6f-42ec-b541-35f3f2687312",
              "parentUUID": "a607583e-666d-479a-94fa-5d59eb156351",
              "isHook": false,
              "skipped": false
            },
            {
              "title": "should allow the admin to view all questionnaire responses",
              "fullTitle": "Backend API Tests for Employee and Admin Role should allow the admin to view all questionnaire responses",
              "timedOut": null,
              "duration": 185,
              "state": "failed",
              "speed": null,
              "pass": false,
              "fail": true,
              "pending": false,
              "context": null,
              "code": "const token = Cypress.env(\"adminAuthToken\"); // Retrieve admin token from Cypress environment variable\ncy.request({\n  method: \"GET\",\n  url: `${apiUrl}/admin/exit_responses`,\n  headers: {\n    Authorization: `${token}`\n  }\n}).then(response => {\n  expect(response.status).to.eq(200);\n  expect(response.body.data).to.be.an(\"array\");\n  // Find the specific response data that matches the expected responses\n  const expectedResponses = [{\n    questionText: \"What prompted you to start looking for another job?\",\n    response: \"Lack of career growth opportunities\"\n  }, {\n    questionText: \"Would you recommend this company to others?\",\n    response: \"Yes, with some reservations\"\n  }];\n  // Check if any of the data array includes the expected responses\n  const hasExpectedResponses = response.body.data.some(item => {\n    return item.responses.length === expectedResponses.length && item.responses.every((resp, index) => {\n      return resp.questionText === expectedResponses[index].questionText && resp.response === expectedResponses[index].response;\n    });\n  });\n  // Assert that the expected responses exist in the data\n  expect(hasExpectedResponses).to.be.true;\n});",
              "err": {
                "message": "CypressError: `cy.request()` failed on:\n\nhttp://localhost:8080/api/admin/exit_responses\n\nThe response we received from your web server was:\n\n  > 404: Not Found\n\nThis was considered a failure because the status code was not `2xx` or `3xx`.\n\nIf you do not want status codes to cause failures pass the option: `failOnStatusCode: false`\n\n-----------------------------------------------------------\n\nThe request we sent was:\n\nMethod: GET\nURL: http://localhost:8080/api/admin/exit_responses\nHeaders: {\n  \"Connection\": \"keep-alive\",\n  \"Authorization\": \"eyJhbGciOiJIUzI1NiIsInR5cCI6IkpXVCJ9.eyJ1c2VybmFtZSI6ImFkbWluIiwiaWF0IjoxNzQ4NTM4MjY5LCJleHAiOjE3NDg2MjQ2Njl9.XI2HSzh8WwllmPE1FFcJACA0N26BKPw5Fi4QpjRYN0k\",\n  \"user-agent\": \"Mozilla/5.0 (Windows NT 10.0; Win64; x64) AppleWebKit/537.36 (KHTML, like Gecko) Cypress/13.17.0 Chrome/118.0.5993.159 Electron/27.3.10 Safari/537.36\",\n  \"accept\": \"*/*\",\n  \"accept-encoding\": \"gzip, deflate\"\n}\n\n-----------------------------------------------------------\n\nThe response we got was:\n\nStatus: 404 - Not Found\nHeaders: {\n  \"x-powered-by\": \"Express\",\n  \"access-control-allow-origin\": \"*\",\n  \"content-security-policy\": \"default-src 'none'\",\n  \"x-content-type-options\": \"nosniff\",\n  \"content-type\": \"text/html; charset=utf-8\",\n  \"content-length\": \"163\",\n  \"date\": \"Thu, 29 May 2025 17:04:30 GMT\",\n  \"connection\": \"keep-alive\",\n  \"keep-alive\": \"timeout=5\"\n}\nBody: <!DOCTYPE html>\n<html lang=\"en\">\n<head>\n<meta charset=\"utf-8\">\n<title>Error</title>\n</head>\n<body>\n<pre>Cannot GET /api/admin/exit_responses</pre>\n</body>\n</html>\n\nhttps://on.cypress.io/request",
                "estack": "CypressError: `cy.request()` failed on:\n\nhttp://localhost:8080/api/admin/exit_responses\n\nThe response we received from your web server was:\n\n  > 404: Not Found\n\nThis was considered a failure because the status code was not `2xx` or `3xx`.\n\nIf you do not want status codes to cause failures pass the option: `failOnStatusCode: false`\n\n-----------------------------------------------------------\n\nThe request we sent was:\n\nMethod: GET\nURL: http://localhost:8080/api/admin/exit_responses\nHeaders: {\n  \"Connection\": \"keep-alive\",\n  \"Authorization\": \"eyJhbGciOiJIUzI1NiIsInR5cCI6IkpXVCJ9.eyJ1c2VybmFtZSI6ImFkbWluIiwiaWF0IjoxNzQ4NTM4MjY5LCJleHAiOjE3NDg2MjQ2Njl9.XI2HSzh8WwllmPE1FFcJACA0N26BKPw5Fi4QpjRYN0k\",\n  \"user-agent\": \"Mozilla/5.0 (Windows NT 10.0; Win64; x64) AppleWebKit/537.36 (KHTML, like Gecko) Cypress/13.17.0 Chrome/118.0.5993.159 Electron/27.3.10 Safari/537.36\",\n  \"accept\": \"*/*\",\n  \"accept-encoding\": \"gzip, deflate\"\n}\n\n-----------------------------------------------------------\n\nThe response we got was:\n\nStatus: 404 - Not Found\nHeaders: {\n  \"x-powered-by\": \"Express\",\n  \"access-control-allow-origin\": \"*\",\n  \"content-security-policy\": \"default-src 'none'\",\n  \"x-content-type-options\": \"nosniff\",\n  \"content-type\": \"text/html; charset=utf-8\",\n  \"content-length\": \"163\",\n  \"date\": \"Thu, 29 May 2025 17:04:30 GMT\",\n  \"connection\": \"keep-alive\",\n  \"keep-alive\": \"timeout=5\"\n}\nBody: <!DOCTYPE html>\n<html lang=\"en\">\n<head>\n<meta charset=\"utf-8\">\n<title>Error</title>\n</head>\n<body>\n<pre>Cannot GET /api/admin/exit_responses</pre>\n</body>\n</html>\n\nhttps://on.cypress.io/request\n    at <unknown> (http://localhost:8080/__cypress/runner/cypress_runner.js:132876:72)\n    at tryCatcher (http://localhost:8080/__cypress/runner/cypress_runner.js:1830:23)\n    at Promise._settlePromiseFromHandler (http://localhost:8080/__cypress/runner/cypress_runner.js:1542:31)\n    at Promise._settlePromise (http://localhost:8080/__cypress/runner/cypress_runner.js:1599:18)\n    at Promise._settlePromise0 (http://localhost:8080/__cypress/runner/cypress_runner.js:1644:10)\n    at Promise._settlePromises (http://localhost:8080/__cypress/runner/cypress_runner.js:1724:18)\n    at _drainQueueStep (http://localhost:8080/__cypress/runner/cypress_runner.js:2430:12)\n    at _drainQueue (http://localhost:8080/__cypress/runner/cypress_runner.js:2423:9)\n    at Async._drainQueues (http://localhost:8080/__cypress/runner/cypress_runner.js:2439:5)\n    at Async.drainQueues (http://localhost:8080/__cypress/runner/cypress_runner.js:2309:14)\nFrom Your Spec Code:\n    at Context.eval (webpack://exitease/./cypress/integration/backend/backendTests.spec.js:122:7)",
                "diff": null
              },
              "uuid": "312d2f1f-6945-4b90-a2c5-1e165515f2e5",
              "parentUUID": "a607583e-666d-479a-94fa-5d59eb156351",
              "isHook": false,
              "skipped": false
            }
          ],
          "suites": [],
          "passes": [
            "6a16c6aa-9d0b-4ecb-a2fa-8381abfe0d9c",
            "8344cdb3-99b5-483a-a07c-bf1841b63583",
            "3ce02d2d-3549-4ae4-ac83-b65e0381a6fb"
          ],
          "failures": [
            "9628fcee-f25a-4281-b4a0-99df6a2a7145",
            "062a8965-5277-4e0b-979a-d31a69e219ed",
            "5710f375-3d7b-492a-aa40-5a4e16cb49b0",
            "ae3e1435-8e6f-42ec-b541-35f3f2687312",
            "312d2f1f-6945-4b90-a2c5-1e165515f2e5"
          ],
          "pending": [],
          "skipped": [],
          "duration": 1493,
          "root": false,
          "rootEmpty": false,
          "_timeout": 2000
        }
      ],
      "passes": [],
      "failures": [],
      "pending": [],
      "skipped": [],
      "duration": 0,
      "root": true,
      "rootEmpty": true,
      "_timeout": 2000
    }
  ],
  "meta": {
    "mocha": {
      "version": "7.0.1"
    },
    "mochawesome": {
      "options": {
        "quiet": false,
        "reportFilename": "my-report",
        "saveHtml": true,
        "saveJson": true,
        "consoleReporter": "spec",
        "useInlineDiffs": false,
        "code": true
      },
      "version": "7.1.3"
    },
    "marge": {
      "options": {
        "charts": true,
        "json": true,
        "reportsDir": "reports/your-reports-folder",
        "reportFilename": "my-report",
        "overwrite": false
      },
      "version": "6.2.0"
    }
  }
}